[2020-05-03 11:19:12,244] {/home/alta12/foldervenv/venvpro/lib/python3.6/site-packages/flask/app.py:1892} ERROR - Exception on /client [POST]
Traceback (most recent call last):
  File "/home/alta12/foldervenv/venvpro/lib/python3.6/site-packages/flask/app.py", line 1950, in full_dispatch_request
    rv = self.dispatch_request()
  File "/home/alta12/foldervenv/venvpro/lib/python3.6/site-packages/flask/app.py", line 1936, in dispatch_request
    return self.view_functions[rule.endpoint](**req.view_args)
  File "/home/alta12/foldervenv/venvpro/lib/python3.6/site-packages/flask_restful/__init__.py", line 468, in wrapper
    resp = resource(*args, **kwargs)
  File "/home/alta12/foldervenv/venvpro/lib/python3.6/site-packages/flask/views.py", line 89, in view
    return self.dispatch_request(*args, **kwargs)
  File "/home/alta12/foldervenv/venvpro/lib/python3.6/site-packages/flask_restful/__init__.py", line 583, in dispatch_request
    resp = meth(*args, **kwargs)
  File "/home/alta12/Videos/E-COMMERCE/asa-ecommerce/blueprints/client/resources.py", line 34, in post
    app.logger.debug('DEBUG: %s', customer)
NameError: name 'customer' is not defined
[2020-05-03 11:19:12,245] {/home/alta12/Videos/E-COMMERCE/asa-ecommerce/blueprints/__init__.py:89} ERROR - REQUEST_LOG	{"method": "POST", "code": "500 INTERNAL SERVER ERROR", "uri": "/client?", "request": {"nama_pengguna": "asi", "kata_kunci": "alta123", "status": "admin"}, "response": {"message": "Internal Server Error"}}
[2020-05-03 11:20:55,786] {/home/alta12/Videos/E-COMMERCE/asa-ecommerce/blueprints/__init__.py:79} WARNING - REQUEST_LOG	{"method": "POST", "code": "200 OK", "uri": "/client?", "request": {"nama_pengguna": "aso", "kata_kunci": "alta123", "status": "admin"}, "response": {"id": 4, "nama_pengguna": "aso", "kata_kunci": "afebcebfee5027f1a087c7cd41007f4add41869f57ea8a188cda9c08754220adf92bf2dc6014df425376b4d7a9c34ee2759d903605d2860bd8c8688d06b32304", "status": "admin", "created_at": "Sun, 03 May 2020 11:20:55 -0000", "updated_at": null}}
[2020-05-03 11:35:17,052] {/home/alta12/foldervenv/venvpro/lib/python3.6/site-packages/flask/app.py:1892} ERROR - Exception on /login [GET]
Traceback (most recent call last):
  File "/home/alta12/foldervenv/venvpro/lib/python3.6/site-packages/flask/app.py", line 1950, in full_dispatch_request
    rv = self.dispatch_request()
  File "/home/alta12/foldervenv/venvpro/lib/python3.6/site-packages/flask/app.py", line 1936, in dispatch_request
    return self.view_functions[rule.endpoint](**req.view_args)
  File "/home/alta12/foldervenv/venvpro/lib/python3.6/site-packages/flask_restful/__init__.py", line 468, in wrapper
    resp = resource(*args, **kwargs)
  File "/home/alta12/foldervenv/venvpro/lib/python3.6/site-packages/flask/views.py", line 89, in view
    return self.dispatch_request(*args, **kwargs)
  File "/home/alta12/foldervenv/venvpro/lib/python3.6/site-packages/flask_restful/__init__.py", line 583, in dispatch_request
    resp = meth(*args, **kwargs)
  File "/home/alta12/Videos/E-COMMERCE/asa-ecommerce/blueprints/login/__init__.py", line 32, in get
    qry_client = marshal(qry_client, Clients.jwt_claims_fields)
AttributeError: type object 'Clients' has no attribute 'jwt_client_fields'
[2020-05-03 11:35:17,056] {/home/alta12/Videos/E-COMMERCE/asa-ecommerce/blueprints/__init__.py:89} ERROR - REQUEST_LOG	{"method": "GET", "code": "500 INTERNAL SERVER ERROR", "uri": "/login?nama_pengguna=asa&kata_kunci=alta123", "request": null, "response": {"message": "Internal Server Error"}}
[2020-05-03 11:35:47,585] {/home/alta12/Videos/E-COMMERCE/asa-ecommerce/blueprints/__init__.py:79} WARNING - REQUEST_LOG	{"method": "GET", "code": "200 OK", "uri": "/login?nama_pengguna=asa&kata_kunci=alta123", "request": null, "response": {"token": "eyJ0eXAiOiJKV1QiLCJhbGciOiJIUzI1NiJ9.eyJpYXQiOjE1ODg1MjAxNDcsIm5iZiI6MTU4ODUyMDE0NywianRpIjoiYzllNWQzNWYtNDdkNC00MTE1LTgxZGQtYjY1NDI3YmJmOGRlIiwiZXhwIjoxNTg4NjA2NTQ3LCJpZGVudGl0eSI6ImFzYSIsImZyZXNoIjpmYWxzZSwidHlwZSI6ImFjY2VzcyIsInVzZXJfY2xhaW1zIjp7ImlkIjoxLCJ1c2VybmFtZSI6ImFzYSIsInN0YXR1cyI6ImFkbWluIiwiaWRlbnRpZmllciI6ImFzYWFjb21tZXJjZSJ9fQ.SVL0iC3xX5RpxoMD-VdmwtlR8DlauANEV_ud83FogXM"}}
[2020-05-03 11:40:15,123] {/home/alta12/Videos/E-COMMERCE/asa-ecommerce/blueprints/__init__.py:79} WARNING - REQUEST_LOG	{"method": "GET", "code": "200 OK", "uri": "/shipping_method?", "request": {"courir": "asa"}, "response": []}
[2020-05-03 11:40:19,422] {/home/alta12/Videos/E-COMMERCE/asa-ecommerce/blueprints/__init__.py:89} ERROR - REQUEST_LOG	{"method": "POST", "code": "400 BAD REQUEST", "uri": "/shipping_method?", "request": {"courir": "asa"}, "response": {"message": {"courier": "Missing required parameter in the JSON body"}}}
[2020-05-03 11:41:14,514] {/home/alta12/Videos/E-COMMERCE/asa-ecommerce/blueprints/__init__.py:89} ERROR - REQUEST_LOG	{"method": "POST", "code": "400 BAD REQUEST", "uri": "/shipping_method?", "request": {"courir": "asa"}, "response": {"message": {"courier": "Missing required parameter in the JSON body"}}}
[2020-05-03 11:41:40,186] {/home/alta12/Videos/E-COMMERCE/asa-ecommerce/blueprints/__init__.py:89} ERROR - REQUEST_LOG	{"method": "POST", "code": "400 BAD REQUEST", "uri": "/shipping_method?", "request": {"courir": "asa"}, "response": {"message": {"courier": "Missing required parameter in the JSON body"}}}
[2020-05-03 11:41:50,817] {/home/alta12/Videos/E-COMMERCE/asa-ecommerce/blueprints/__init__.py:89} ERROR - REQUEST_LOG	{"method": "POST", "code": "400 BAD REQUEST", "uri": "/shipping_method?", "request": {"courir": "asa"}, "response": {"message": {"courier": "Missing required parameter in the JSON body"}}}
[2020-05-03 11:46:09,144] {/home/alta12/Videos/E-COMMERCE/asa-ecommerce/blueprints/__init__.py:89} ERROR - REQUEST_LOG	{"method": "POST", "code": "400 BAD REQUEST", "uri": "/shipping_method?", "request": {"courir": "asioo"}, "response": {"message": {"courier": "Missing required parameter in the JSON body"}}}
[2020-05-03 11:58:33,061] {/home/alta12/Videos/E-COMMERCE/asa-ecommerce/blueprints/__init__.py:89} ERROR - REQUEST_LOG	{"method": "POST", "code": "400 BAD REQUEST", "uri": "/shipping_method?", "request": {"courir": "asioo"}, "response": {"message": {"courier": "Missing required parameter in the JSON body"}}}
[2020-05-03 12:00:02,235] {/home/alta12/Videos/E-COMMERCE/asa-ecommerce/blueprints/__init__.py:89} ERROR - REQUEST_LOG	{"method": "POST", "code": "400 BAD REQUEST", "uri": "/shipping_method?", "request": {"courir": "asioo"}, "response": {"message": {"courier": "Missing required parameter in the JSON body"}}}
[2020-05-03 12:00:11,950] {/home/alta12/Videos/E-COMMERCE/asa-ecommerce/blueprints/__init__.py:89} ERROR - REQUEST_LOG	{"method": "POST", "code": "400 BAD REQUEST", "uri": "/shipping_method?", "request": {"courir": "asioasaso"}, "response": {"message": {"courier": "Missing required parameter in the JSON body"}}}
[2020-05-03 12:05:01,409] {/home/alta12/Videos/E-COMMERCE/asa-ecommerce/blueprints/__init__.py:89} ERROR - REQUEST_LOG	{"method": "POST", "code": "400 BAD REQUEST", "uri": "/shipping_method?", "request": {"courir": "asio"}, "response": {"message": {"courier": "Missing required parameter in the JSON body"}}}
[2020-05-03 12:08:16,603] {/home/alta12/Videos/E-COMMERCE/asa-ecommerce/blueprints/__init__.py:89} ERROR - REQUEST_LOG	{"method": "POST", "code": "400 BAD REQUEST", "uri": "/shipping_method?", "request": {"courir": "asio"}, "response": {"message": {"courier": "Missing required parameter in the JSON body"}}}
[2020-05-03 12:08:43,347] {/home/alta12/Videos/E-COMMERCE/asa-ecommerce/blueprints/__init__.py:79} WARNING - REQUEST_LOG	{"method": "POST", "code": "200 OK", "uri": "/shipping_method?", "request": {"courier": "asio"}, "response": {"id": 1, "courier": "asio"}}
